[2024-12-24 12:42:58 [32mINFO [0;39m background-preinit] [36m[org.hibernate.validator.internal.util.Version][0;39m HV000001: Hibernate Validator 8.0.1.Final
[2024-12-24 12:42:58 [32mINFO [0;39m restartedMain] [36m[com.green.greengram.GreenGramVer2Application][0;39m Starting GreenGramVer2Application using Java 17.0.12 with PID 12416 (D:\LHC\GreenGram_Security\build\classes\java\main started by Administrator in D:\LHC\GreenGram_Security)
[2024-12-24 12:42:58 [32mINFO [0;39m restartedMain] [36m[com.green.greengram.GreenGramVer2Application][0;39m The following 1 profile is active: "prod"
[2024-12-24 12:42:58 [32mINFO [0;39m restartedMain] [36m[org.springframework.boot.devtools.env.DevToolsPropertyDefaultsPostProcessor][0;39m Devtools property defaults active! Set 'spring.devtools.add-properties' to 'false' to disable
[2024-12-24 12:42:58 [32mINFO [0;39m restartedMain] [36m[org.springframework.boot.devtools.env.DevToolsPropertyDefaultsPostProcessor][0;39m For additional web related logging consider setting the 'logging.level.web' property to 'DEBUG'
[2024-12-24 12:42:59 [32mINFO [0;39m restartedMain] [36m[org.springframework.boot.web.embedded.tomcat.TomcatWebServer][0;39m Tomcat initialized with port 8080 (http)
[2024-12-24 12:42:59 [32mINFO [0;39m restartedMain] [36m[org.apache.coyote.http11.Http11NioProtocol][0;39m Initializing ProtocolHandler ["http-nio-8080"]
[2024-12-24 12:42:59 [32mINFO [0;39m restartedMain] [36m[org.apache.catalina.core.StandardService][0;39m Starting service [Tomcat]
[2024-12-24 12:42:59 [32mINFO [0;39m restartedMain] [36m[org.apache.catalina.core.StandardEngine][0;39m Starting Servlet engine: [Apache Tomcat/10.1.33]
[2024-12-24 12:42:59 [32mINFO [0;39m restartedMain] [36m[org.apache.catalina.core.ContainerBase.[Tomcat].[localhost].[/]][0;39m Initializing Spring embedded WebApplicationContext
[2024-12-24 12:42:59 [32mINFO [0;39m restartedMain] [36m[org.springframework.boot.web.servlet.context.ServletWebServerApplicationContext][0;39m Root WebApplicationContext: initialization completed in 847 ms
[2024-12-24 12:42:59 [32mINFO [0;39m restartedMain] [36m[com.green.greengram.common.MyFileUtils][0;39m MyFileUtils - 생성자: /home/download
[2024-12-24 12:43:00 [33mWARN [0;39m restartedMain] [36m[org.springframework.boot.autoconfigure.security.servlet.UserDetailsServiceAutoConfiguration][0;39m 

Using generated security password: 2336efa9-e369-4625-9bf5-96cc0de2093f

This generated password is for development use only. Your security configuration must be updated before running your application in production.

[2024-12-24 12:43:00 [32mINFO [0;39m restartedMain] [36m[org.springframework.security.config.annotation.authentication.configuration.InitializeUserDetailsBeanManagerConfigurer$InitializeUserDetailsManagerConfigurer][0;39m Global AuthenticationManager configured with UserDetailsService bean with name inMemoryUserDetailsManager
[2024-12-24 12:43:00 [32mINFO [0;39m restartedMain] [36m[org.springframework.boot.autoconfigure.web.servlet.WelcomePageHandlerMapping][0;39m Adding welcome page: class path resource [static/index.html]
[2024-12-24 12:43:00 [33mWARN [0;39m restartedMain] [36m[org.springframework.boot.devtools.autoconfigure.OptionalLiveReloadServer][0;39m Unable to start LiveReload server
[2024-12-24 12:43:00 [32mINFO [0;39m restartedMain] [36m[org.apache.coyote.http11.Http11NioProtocol][0;39m Starting ProtocolHandler ["http-nio-8080"]
[2024-12-24 12:43:00 [33mWARN [0;39m restartedMain] [36m[org.springframework.boot.web.servlet.context.AnnotationConfigServletWebServerApplicationContext][0;39m Exception encountered during context initialization - cancelling refresh attempt: org.springframework.context.ApplicationContextException: Failed to start bean 'webServerStartStop'
[2024-12-24 12:43:00 [32mINFO [0;39m restartedMain] [36m[org.springframework.boot.autoconfigure.logging.ConditionEvaluationReportLogger][0;39m 

Error starting ApplicationContext. To display the condition evaluation report re-run your application with 'debug' enabled.
[2024-12-24 12:43:00 [31mERROR[0;39m restartedMain] [36m[org.springframework.boot.diagnostics.LoggingFailureAnalysisReporter][0;39m 

***************************
APPLICATION FAILED TO START
***************************

Description:

Web server failed to start. Port 8080 was already in use.

Action:

Identify and stop the process that's listening on port 8080 or configure this application to listen on another port.

[2024-12-24 12:43:56 [32mINFO [0;39m background-preinit] [36m[org.hibernate.validator.internal.util.Version][0;39m HV000001: Hibernate Validator 8.0.1.Final
[2024-12-24 12:43:56 [32mINFO [0;39m restartedMain] [36m[com.green.greengram.GreenGramVer2Application][0;39m Starting GreenGramVer2Application using Java 17.0.12 with PID 488 (D:\LHC\GreenGram_Security\build\classes\java\main started by Administrator in D:\LHC\GreenGram_Security)
[2024-12-24 12:43:56 [32mINFO [0;39m restartedMain] [36m[com.green.greengram.GreenGramVer2Application][0;39m The following 1 profile is active: "prod"
[2024-12-24 12:43:56 [32mINFO [0;39m restartedMain] [36m[org.springframework.boot.devtools.env.DevToolsPropertyDefaultsPostProcessor][0;39m Devtools property defaults active! Set 'spring.devtools.add-properties' to 'false' to disable
[2024-12-24 12:43:56 [32mINFO [0;39m restartedMain] [36m[org.springframework.boot.devtools.env.DevToolsPropertyDefaultsPostProcessor][0;39m For additional web related logging consider setting the 'logging.level.web' property to 'DEBUG'
[2024-12-24 12:43:57 [32mINFO [0;39m restartedMain] [36m[org.springframework.boot.web.embedded.tomcat.TomcatWebServer][0;39m Tomcat initialized with port 8080 (http)
[2024-12-24 12:43:57 [32mINFO [0;39m restartedMain] [36m[org.apache.coyote.http11.Http11NioProtocol][0;39m Initializing ProtocolHandler ["http-nio-8080"]
[2024-12-24 12:43:57 [32mINFO [0;39m restartedMain] [36m[org.apache.catalina.core.StandardService][0;39m Starting service [Tomcat]
[2024-12-24 12:43:57 [32mINFO [0;39m restartedMain] [36m[org.apache.catalina.core.StandardEngine][0;39m Starting Servlet engine: [Apache Tomcat/10.1.33]
[2024-12-24 12:43:57 [32mINFO [0;39m restartedMain] [36m[org.apache.catalina.core.ContainerBase.[Tomcat].[localhost].[/]][0;39m Initializing Spring embedded WebApplicationContext
[2024-12-24 12:43:57 [32mINFO [0;39m restartedMain] [36m[org.springframework.boot.web.servlet.context.ServletWebServerApplicationContext][0;39m Root WebApplicationContext: initialization completed in 844 ms
[2024-12-24 12:43:57 [32mINFO [0;39m restartedMain] [36m[com.green.greengram.common.MyFileUtils][0;39m MyFileUtils - 생성자: /home/download
[2024-12-24 12:43:57 [33mWARN [0;39m restartedMain] [36m[org.springframework.boot.autoconfigure.security.servlet.UserDetailsServiceAutoConfiguration][0;39m 

Using generated security password: 4f9defb8-62a6-4212-a2e9-d67a768a6351

This generated password is for development use only. Your security configuration must be updated before running your application in production.

[2024-12-24 12:43:57 [32mINFO [0;39m restartedMain] [36m[org.springframework.security.config.annotation.authentication.configuration.InitializeUserDetailsBeanManagerConfigurer$InitializeUserDetailsManagerConfigurer][0;39m Global AuthenticationManager configured with UserDetailsService bean with name inMemoryUserDetailsManager
[2024-12-24 12:43:57 [32mINFO [0;39m restartedMain] [36m[org.springframework.boot.autoconfigure.web.servlet.WelcomePageHandlerMapping][0;39m Adding welcome page: class path resource [static/index.html]
[2024-12-24 12:43:57 [33mWARN [0;39m restartedMain] [36m[org.springframework.boot.devtools.autoconfigure.OptionalLiveReloadServer][0;39m Unable to start LiveReload server
[2024-12-24 12:43:57 [32mINFO [0;39m restartedMain] [36m[org.apache.coyote.http11.Http11NioProtocol][0;39m Starting ProtocolHandler ["http-nio-8080"]
[2024-12-24 12:43:57 [33mWARN [0;39m restartedMain] [36m[org.springframework.boot.web.servlet.context.AnnotationConfigServletWebServerApplicationContext][0;39m Exception encountered during context initialization - cancelling refresh attempt: org.springframework.context.ApplicationContextException: Failed to start bean 'webServerStartStop'
[2024-12-24 12:43:57 [32mINFO [0;39m restartedMain] [36m[org.springframework.boot.autoconfigure.logging.ConditionEvaluationReportLogger][0;39m 

Error starting ApplicationContext. To display the condition evaluation report re-run your application with 'debug' enabled.
[2024-12-24 12:43:57 [31mERROR[0;39m restartedMain] [36m[org.springframework.boot.diagnostics.LoggingFailureAnalysisReporter][0;39m 

***************************
APPLICATION FAILED TO START
***************************

Description:

Web server failed to start. Port 8080 was already in use.

Action:

Identify and stop the process that's listening on port 8080 or configure this application to listen on another port.

[2024-12-24 12:44:42 [32mINFO [0;39m background-preinit] [36m[org.hibernate.validator.internal.util.Version][0;39m HV000001: Hibernate Validator 8.0.1.Final
[2024-12-24 12:44:42 [32mINFO [0;39m restartedMain] [36m[com.green.greengram.GreenGramVer2Application][0;39m Starting GreenGramVer2Application using Java 17.0.12 with PID 9700 (D:\LHC\GreenGram_Security\build\classes\java\main started by Administrator in D:\LHC\GreenGram_Security)
[2024-12-24 12:44:42 [32mINFO [0;39m restartedMain] [36m[com.green.greengram.GreenGramVer2Application][0;39m No active profile set, falling back to 1 default profile: "default"
[2024-12-24 12:44:42 [32mINFO [0;39m restartedMain] [36m[org.springframework.boot.devtools.env.DevToolsPropertyDefaultsPostProcessor][0;39m Devtools property defaults active! Set 'spring.devtools.add-properties' to 'false' to disable
[2024-12-24 12:44:42 [32mINFO [0;39m restartedMain] [36m[org.springframework.boot.devtools.env.DevToolsPropertyDefaultsPostProcessor][0;39m For additional web related logging consider setting the 'logging.level.web' property to 'DEBUG'
[2024-12-24 12:44:43 [32mINFO [0;39m restartedMain] [36m[org.springframework.boot.web.embedded.tomcat.TomcatWebServer][0;39m Tomcat initialized with port 8080 (http)
[2024-12-24 12:44:43 [32mINFO [0;39m restartedMain] [36m[org.apache.coyote.http11.Http11NioProtocol][0;39m Initializing ProtocolHandler ["http-nio-8080"]
[2024-12-24 12:44:43 [32mINFO [0;39m restartedMain] [36m[org.apache.catalina.core.StandardService][0;39m Starting service [Tomcat]
[2024-12-24 12:44:43 [32mINFO [0;39m restartedMain] [36m[org.apache.catalina.core.StandardEngine][0;39m Starting Servlet engine: [Apache Tomcat/10.1.33]
[2024-12-24 12:44:43 [32mINFO [0;39m restartedMain] [36m[org.apache.catalina.core.ContainerBase.[Tomcat].[localhost].[/]][0;39m Initializing Spring embedded WebApplicationContext
[2024-12-24 12:44:43 [32mINFO [0;39m restartedMain] [36m[org.springframework.boot.web.servlet.context.ServletWebServerApplicationContext][0;39m Root WebApplicationContext: initialization completed in 837 ms
[2024-12-24 12:44:43 [32mINFO [0;39m restartedMain] [36m[com.green.greengram.common.MyFileUtils][0;39m MyFileUtils - 생성자: D:/2024-02/download/greengram_ver3
[2024-12-24 12:44:44 [33mWARN [0;39m restartedMain] [36m[org.springframework.boot.autoconfigure.security.servlet.UserDetailsServiceAutoConfiguration][0;39m 

Using generated security password: daa44170-26cf-429e-be66-76e077f15d51

This generated password is for development use only. Your security configuration must be updated before running your application in production.

[2024-12-24 12:44:44 [32mINFO [0;39m restartedMain] [36m[org.springframework.security.config.annotation.authentication.configuration.InitializeUserDetailsBeanManagerConfigurer$InitializeUserDetailsManagerConfigurer][0;39m Global AuthenticationManager configured with UserDetailsService bean with name inMemoryUserDetailsManager
[2024-12-24 12:44:44 [32mINFO [0;39m restartedMain] [36m[org.springframework.boot.autoconfigure.web.servlet.WelcomePageHandlerMapping][0;39m Adding welcome page: class path resource [static/index.html]
[2024-12-24 12:44:44 [32mINFO [0;39m restartedMain] [36m[org.springframework.boot.devtools.autoconfigure.OptionalLiveReloadServer][0;39m LiveReload server is running on port 35729
[2024-12-24 12:44:44 [32mINFO [0;39m restartedMain] [36m[org.apache.coyote.http11.Http11NioProtocol][0;39m Starting ProtocolHandler ["http-nio-8080"]
[2024-12-24 12:44:44 [32mINFO [0;39m restartedMain] [36m[org.springframework.boot.web.embedded.tomcat.TomcatWebServer][0;39m Tomcat started on port 8080 (http) with context path '/'
[2024-12-24 12:44:44 [32mINFO [0;39m restartedMain] [36m[com.green.greengram.GreenGramVer2Application][0;39m Started GreenGramVer2Application in 1.844 seconds (process running for 2.21)
[2024-12-24 12:48:02 [32mINFO [0;39m background-preinit] [36m[org.hibernate.validator.internal.util.Version][0;39m HV000001: Hibernate Validator 8.0.1.Final
[2024-12-24 12:48:02 [32mINFO [0;39m restartedMain] [36m[com.green.greengram.GreenGramVer2Application][0;39m Starting GreenGramVer2Application using Java 17.0.12 with PID 12676 (D:\LHC\GreenGram_Security\build\classes\java\main started by Administrator in D:\LHC\GreenGram_Security)
[2024-12-24 12:48:02 [32mINFO [0;39m restartedMain] [36m[com.green.greengram.GreenGramVer2Application][0;39m No active profile set, falling back to 1 default profile: "default"
[2024-12-24 12:48:02 [32mINFO [0;39m restartedMain] [36m[org.springframework.boot.devtools.env.DevToolsPropertyDefaultsPostProcessor][0;39m Devtools property defaults active! Set 'spring.devtools.add-properties' to 'false' to disable
[2024-12-24 12:48:02 [32mINFO [0;39m restartedMain] [36m[org.springframework.boot.devtools.env.DevToolsPropertyDefaultsPostProcessor][0;39m For additional web related logging consider setting the 'logging.level.web' property to 'DEBUG'
[2024-12-24 12:48:03 [32mINFO [0;39m restartedMain] [36m[org.springframework.boot.web.embedded.tomcat.TomcatWebServer][0;39m Tomcat initialized with port 8080 (http)
[2024-12-24 12:48:03 [32mINFO [0;39m restartedMain] [36m[org.apache.coyote.http11.Http11NioProtocol][0;39m Initializing ProtocolHandler ["http-nio-8080"]
[2024-12-24 12:48:03 [32mINFO [0;39m restartedMain] [36m[org.apache.catalina.core.StandardService][0;39m Starting service [Tomcat]
[2024-12-24 12:48:03 [32mINFO [0;39m restartedMain] [36m[org.apache.catalina.core.StandardEngine][0;39m Starting Servlet engine: [Apache Tomcat/10.1.33]
[2024-12-24 12:48:03 [32mINFO [0;39m restartedMain] [36m[org.apache.catalina.core.ContainerBase.[Tomcat].[localhost].[/]][0;39m Initializing Spring embedded WebApplicationContext
[2024-12-24 12:48:03 [32mINFO [0;39m restartedMain] [36m[org.springframework.boot.web.servlet.context.ServletWebServerApplicationContext][0;39m Root WebApplicationContext: initialization completed in 827 ms
[2024-12-24 12:48:03 [32mINFO [0;39m restartedMain] [36m[com.green.greengram.common.MyFileUtils][0;39m MyFileUtils - 생성자: D:/2024-02/download/greengram_ver3
[2024-12-24 12:48:04 [33mWARN [0;39m restartedMain] [36m[org.springframework.boot.autoconfigure.security.servlet.UserDetailsServiceAutoConfiguration][0;39m 

Using generated security password: 3428367c-d565-4b72-b9e9-5cde04638c08

This generated password is for development use only. Your security configuration must be updated before running your application in production.

[2024-12-24 12:48:04 [32mINFO [0;39m restartedMain] [36m[org.springframework.security.config.annotation.authentication.configuration.InitializeUserDetailsBeanManagerConfigurer$InitializeUserDetailsManagerConfigurer][0;39m Global AuthenticationManager configured with UserDetailsService bean with name inMemoryUserDetailsManager
[2024-12-24 12:48:04 [32mINFO [0;39m restartedMain] [36m[org.springframework.boot.autoconfigure.web.servlet.WelcomePageHandlerMapping][0;39m Adding welcome page: class path resource [static/index.html]
[2024-12-24 12:48:04 [32mINFO [0;39m restartedMain] [36m[org.springframework.boot.devtools.autoconfigure.OptionalLiveReloadServer][0;39m LiveReload server is running on port 35729
[2024-12-24 12:48:04 [32mINFO [0;39m restartedMain] [36m[org.apache.coyote.http11.Http11NioProtocol][0;39m Starting ProtocolHandler ["http-nio-8080"]
[2024-12-24 12:48:04 [32mINFO [0;39m restartedMain] [36m[org.springframework.boot.web.embedded.tomcat.TomcatWebServer][0;39m Tomcat started on port 8080 (http) with context path '/'
[2024-12-24 12:48:04 [32mINFO [0;39m restartedMain] [36m[com.green.greengram.GreenGramVer2Application][0;39m Started GreenGramVer2Application in 1.826 seconds (process running for 2.2)
[2024-12-24 12:48:04 [32mINFO [0;39m http-nio-8080-exec-1] [36m[org.apache.catalina.core.ContainerBase.[Tomcat].[localhost].[/]][0;39m Initializing Spring DispatcherServlet 'dispatcherServlet'
[2024-12-24 12:48:04 [32mINFO [0;39m http-nio-8080-exec-1] [36m[org.springframework.web.servlet.DispatcherServlet][0;39m Initializing Servlet 'dispatcherServlet'
[2024-12-24 12:48:04 [32mINFO [0;39m http-nio-8080-exec-1] [36m[org.springframework.web.servlet.DispatcherServlet][0;39m Completed initialization in 0 ms
[2024-12-24 12:48:04 [32mINFO [0;39m http-nio-8080-exec-1] [36m[com.green.greengram.config.jwt.TokenAuthenticationFilter][0;39m ip address: 0:0:0:0:0:0:0:1
[2024-12-24 12:48:04 [32mINFO [0;39m http-nio-8080-exec-1] [36m[com.green.greengram.config.jwt.TokenAuthenticationFilter][0;39m authorizationHeader: null
[2024-12-24 12:48:04 [32mINFO [0;39m http-nio-8080-exec-1] [36m[com.green.greengram.config.jwt.TokenAuthenticationFilter][0;39m token: null
[2024-12-24 12:48:04 [32mINFO [0;39m http-nio-8080-exec-4] [36m[com.green.greengram.config.jwt.TokenAuthenticationFilter][0;39m ip address: 0:0:0:0:0:0:0:1
[2024-12-24 12:48:04 [32mINFO [0;39m http-nio-8080-exec-4] [36m[com.green.greengram.config.jwt.TokenAuthenticationFilter][0;39m authorizationHeader: null
[2024-12-24 12:48:04 [32mINFO [0;39m http-nio-8080-exec-4] [36m[com.green.greengram.config.jwt.TokenAuthenticationFilter][0;39m token: null
[2024-12-24 12:48:04 [32mINFO [0;39m http-nio-8080-exec-3] [36m[com.green.greengram.config.jwt.TokenAuthenticationFilter][0;39m ip address: 0:0:0:0:0:0:0:1
[2024-12-24 12:48:04 [32mINFO [0;39m http-nio-8080-exec-3] [36m[com.green.greengram.config.jwt.TokenAuthenticationFilter][0;39m authorizationHeader: null
[2024-12-24 12:48:04 [32mINFO [0;39m http-nio-8080-exec-3] [36m[com.green.greengram.config.jwt.TokenAuthenticationFilter][0;39m token: null
[2024-12-24 12:48:04 [32mINFO [0;39m http-nio-8080-exec-9] [36m[com.green.greengram.config.jwt.TokenAuthenticationFilter][0;39m ip address: 0:0:0:0:0:0:0:1
[2024-12-24 12:48:04 [32mINFO [0;39m http-nio-8080-exec-9] [36m[com.green.greengram.config.jwt.TokenAuthenticationFilter][0;39m authorizationHeader: null
[2024-12-24 12:48:04 [32mINFO [0;39m http-nio-8080-exec-9] [36m[com.green.greengram.config.jwt.TokenAuthenticationFilter][0;39m token: null
[2024-12-24 12:48:05 [32mINFO [0;39m http-nio-8080-exec-9] [36m[org.springdoc.api.AbstractOpenApiResource][0;39m Init duration for springdoc-openapi is: 308 ms
